<?xml version="1.0" encoding="UTF-8"?>
<!-- Generated by org.testng.reporters.JUnitReportReporter -->
<testsuite hostname="LAPTOP-KCK80MQ9" failures="0" tests="1" name="com.qaNavigate_Website_VerifyTitlePage.NavigateaAndVerifiedTittlePage" time="4.864" errors="0" timestamp="2024-01-02T00:53:20 EST" skipped="0">
  <testcase classname="com.qaNavigate_Website_VerifyTitlePage.NavigateaAndVerifiedTittlePage" name="verifyPageTitle" time="4.864"/>
</testsuite> <!-- com.qaNavigate_Website_VerifyTitlePage.NavigateaAndVerifiedTittlePage -->
