<?xml version="1.0" encoding="UTF-8"?>
<!-- Generated by org.testng.reporters.JUnitReportReporter -->
<testsuite hostname="LAPTOP-KCK80MQ9" failures="0" tests="1" name="com.qaNavigate_Website_VerifyTitlePage.LoginTest" time="7.703" errors="0" timestamp="2024-01-01T23:12:23 EST" skipped="0">
  <testcase classname="com.qaNavigate_Website_VerifyTitlePage.LoginTest" name="tutorialsninjaLogin" time="7.703"/>
</testsuite> <!-- com.qaNavigate_Website_VerifyTitlePage.LoginTest -->
